Your CPU supports instructions that this binary was not compiled to use: SSE3 SSE4.1 SSE4.2 AVX AVX2
For maximum performance, you can install NMSLIB from sources 
pip install --no-binary :all: nmslib
Converting case data into a suitable format for training, printing progress: 
Case: 1
Case: 2
Case: 3
Case: 4
Case: 5
Case: 6
Case: 7
Case: 8
Case: 9
Case: 10
Case: 11
Case: 12
Case: 13
Case: 14
Case: 15
Case: 16
Case: 17
Case: 18
Case: 19
Case: 20
Case: 21
Case: 22
Case: 23
Case: 24
Case: 25
Case: 26
Case: 27
Case: 28
Case: 29
Case: 30
Case: 31
Case: 32
Case: 33
Case: 34
Case: 35
Case: 36
Case: 37
Case: 38
Case: 39
Case: 40
Case: 41
Case: 42
Case: 43
Case: 44
Case: 45
Case: 46
Case: 47
Case: 48
Case: 49
Case: 50
Case: 51
Case: 52
Case: 53
Case: 54
Case: 55
Case: 56
Case: 57
Case: 58
Case: 59
Case: 60
Case: 61
Case: 62
Case: 63
Case: 64
Case: 65
Case: 66
Case: 67
Case: 68
Case: 69
Case: 70
Case: 71
Case: 72
Case: 73
Case: 74
Case: 75
Case: 76
Case: 77
Case: 78
Case: 79
Case: 80
Case: 81
Case: 82
Case: 83
Case: 84
Case: 85
Case: 86
Case: 87
Case: 88
Case: 89
Case: 90
Case: 91
Case: 92
Case: 93
Case: 94
Case: 95
Case: 96
Case: 97
Case: 98
Case: 99
Case: 100
Case: 101
Case: 102
Case: 103
Case: 104
Case: 105
Case: 106
Case: 107
Case: 108
Case: 109
Case: 110
Case: 111
Case: 112
Case: 113
Case: 114
Case: 115
Case: 116
Selected model accuracy is: 0.75
---------------------------------------
Begin PBS Epilogue Mon Dec 14 12:37:54 EST 2020
Job ID:     168079.sched-torque.pace.gatech.edu
User ID:    akang36
Job name:   flowai_models
Resources:  nodes=2:ppn=4:gpus=2:exclusive_process,pmem=17gb,walltime=00:15:00,neednodes=2:ppn=4:gpus=2:exclusive_process
Rsrc Used:  cput=00:01:09,vmem=2692972kb,walltime=00:01:37,mem=466688kb,energy_used=0
Queue:      inferno
Nodes:     
atl1-1-01-003-33.pace.gatech.edu atl1-1-01-003-34.pace.gatech.edu
End PBS Epilogue Mon Dec 14 12:37:54 EST 2020
---------------------------------------
